#
# A fatal error has been detected by the Java Runtime Environment:
#
#  EXCEPTION_ACCESS_VIOLATION (0xc0000005) at pc=0x00007ffa925a6ab7, pid=7544, tid=2260
#
# JRE version: Java(TM) SE Runtime Environment (19.0.1+10) (build 19.0.1+10-21)
# Java VM: Java HotSpot(TM) 64-Bit Server VM (19.0.1+10-21, mixed mode, sharing, tiered, compressed oops, compressed class ptrs, g1 gc, windows-amd64)
# Problematic frame:
# C  [glass.dll+0x26ab7]
#
# No core dump will be written. Minidumps are not enabled by default on client versions of Windows
#
# If you would like to submit a bug report, please visit:
#   https://bugreport.java.com/bugreport/crash.jsp
#

---------------  S U M M A R Y ------------

Command Line: -javaagent:C:\Program Files\JetBrains\IntelliJ IDEA 2022.2.3\lib\idea_rt.jar=60411:C:\Program Files\JetBrains\IntelliJ IDEA 2022.2.3\bin -Dfile.encoding=UTF-8 -Dsun.stdout.encoding=UTF-8 -Dsun.stderr.encoding=UTF-8 --module-path=C:\Users\οκ\.m2\repository\org\openjfx\javafx-graphics\17.0.2\javafx-graphics-17.0.2-win.jar;C:\Users\οκ\Desktop\BOOK\ZAEMA\target\classes;C:\Users\οκ\.m2\repository\org\openjfx\javafx-controls\17.0.2\javafx-controls-17.0.2-win.jar;C:\Users\οκ\.m2\repository\org\openjfx\javafx-fxml\17.0.2\javafx-fxml-17.0.2-win.jar;C:\Users\οκ\.m2\repository\org\openjfx\javafx-base\17.0.2\javafx-base-17.0.2-win.jar;C:\Users\οκ\Downloads\mysql-connector-java-8.0.26\mysql-connector-java-8.0.26.jar -Djdk.module.main=com.example.zaema com.example.zaema/com.example.zaema.HelloApplication

Host: AMD Ryzen 5 3550H with Radeon Vega Mobile Gfx  , 8 cores, 6G,  Windows 10 , 64 bit Build 19041 (10.0.19041.1889)
Time: Tue Oct 25 08:26:07 2022 RTZ 2 (s 10 , 64 bit Build 19041 (10.0.19041.1889) elapsed time: 3059.056745 seconds (0d 0h 50m 59s)

---------------  T H R E A D  ---------------

Current thread (0x00000146dce00900):  VMThread "VM Thread" [stack: 0x0000001386900000,0x0000001386a00000] [id=2260]

Stack: [0x0000001386900000,0x0000001386a00000],  sp=0x00000013869ff440,  free space=1021k
Native frames: (J=compiled Java code, j=interpreted, Vv=VM code, C=native code)
C  [glass.dll+0x26ab7]


siginfo: EXCEPTION_ACCESS_VIOLATION (0xc0000005), reading address 0x0000000000000000


Registers:
RAX=0x0000000000000000, RBX=0x00000146dce08e70, RCX=0x00000146dce00900, RDX=0x00000013869ff440
RSP=0x00000013869ff440, RBP=0x00000146e1b89498, RSI=0x00000146e1b89470, RDI=0x000008b4a082cfe0
R8 =0x0000000000010002, R9 =0x000008b4a082cfe0, R10=0x0000000000008000, R11=0x00000013869ff3d0
R12=0x00007ffa925a4384, R13=0x00007ffa85e172a0, R14=0x00000013869ff538, R15=0x00000146e1b89470
RIP=0x00007ffa925a6ab7, EFLAGS=0x0000000000010202


Register to memory mapping:

RIP=0x00007ffa925a6ab7 glass.dll
RAX=0x0 is NULL
RBX=0x00000146dce08e70 is a global jni handle
RCX=0x00000146dce00900 points into unknown readable memory: 0x00007ffa85c245e8 | e8 45 c2 85 fa 7f 00 00
RDX=0x00000013869ff440 points into unknown readable memory: 0x0000000000000000 | 00 00 00 00 00 00 00 00
RSP=0x00000013869ff440 points into unknown readable memory: 0x0000000000000000 | 00 00 00 00 00 00 00 00
RBP=0x00000146e1b89498 points into unknown readable memory: 0x000008b4a082cfe0 | e0 cf 82 a0 b4 08 00 00
RSI=0x00000146e1b89470 points into unknown readable memory: 0x925a3628a082b01a | 1a b0 82 a0 28 36 5a 92
RDI=0x000008b4a082cfe0 is an unknown value
R8 =0x0000000000010002 is an unknown value
R9 =0x000008b4a082cfe0 is an unknown value
R10=0x0000000000008000 is an unknown value
R11=0x00000013869ff3d0 points into unknown readable memory: 0x00000146e1b89470 | 70 94 b8 e1 46 01 00 00
R12=0x00007ffa925a4384 glass.dll
R13=0x00007ffa85e172a0 jvm.dll
R14=0x00000013869ff538 points into unknown readable memory: 0x00000013869ff520 | 20 f5 9f 86 13 00 00 00
R15=0x00000146e1b89470 points into unknown readable memory: 0x925a3628a082b01a | 1a b0 82 a0 28 36 5a 92


Top of Stack: (sp=0x00000013869ff440)
0x00000013869ff440:   0000000000000000 00000146e1b89470
0x00000013869ff450:   00007ffa85e172a0 00007ffa925a4384
0x00000013869ff460:   00000146e1b89478 00007ffac47a42d6
0x00000013869ff470:   000008b4a082cfe0 0000014600000000
0x00000013869ff480:   00000146e1b89498 00000146e1b89470
0x00000013869ff490:   fffffffffffffffe 0000000000000000
0x00000013869ff4a0:   0000000000000001 00007ffa92580000
0x00000013869ff4b0:   00000013869ff528 00007ffac47a41fb
0x00000013869ff4c0:   0000000000000000 00000013869ff538
0x00000013869ff4d0:   00000013869ff800 00007ffac4880e40
0x00000013869ff4e0:   0000000000000001 00007ffac47a41b4
0x00000013869ff4f0:   0000000000000000 0000000000000001
0x00000013869ff500:   00007ffab9992dd0 00000013869ff528
0x00000013869ff510:   000000000000000d 00007ffa925a4211
0x00000013869ff520:   00007ffa925ba138 00007ffa00000002
0x00000013869ff530:   0000000000000002 00000013869ff520 

Instructions: (pc=0x00007ffa925a6ab7)
0x00007ffa925a69b7:   8b 4d 58 e8 01 cf ff ff 48 8b 4d 60 e8 f8 ce ff
0x00007ffa925a69c7:   ff 48 8b 95 80 00 00 00 48 8b 8d 18 01 00 00 e8
0x00007ffa925a69d7:   c6 c3 ff ff 33 d2 33 c9 e8 3c e1 ff ff 90 48 89
0x00007ffa925a69e7:   54 24 10 55 48 83 ec 20 48 8b ea 48 b8 00 00 00
0x00007ffa925a69f7:   00 00 00 00 00 48 83 c4 20 5d c3 cc 40 55 48 8b
0x00007ffa925a6a07:   ea 48 8b 01 33 c9 81 38 05 00 00 c0 0f 94 c1 8b
0x00007ffa925a6a17:   c1 5d c3 cc 40 55 48 83 ec 20 48 8b ea 8a 4d 40
0x00007ffa925a6a27:   48 83 c4 20 5d e9 f7 d2 ff ff cc 40 55 48 83 ec
0x00007ffa925a6a37:   20 48 8b ea 8a 4d 20 e8 e5 d2 ff ff 90 48 83 c4
0x00007ffa925a6a47:   20 5d c3 cc 40 55 48 83 ec 20 48 8b ea 48 83 c4
0x00007ffa925a6a57:   20 5d e9 46 d1 ff ff cc 40 55 48 83 ec 30 48 8b
0x00007ffa925a6a67:   ea 48 8b 01 8b 10 48 89 4c 24 28 89 54 24 20 4c
0x00007ffa925a6a77:   8d 0d e7 d5 ff ff 4c 8b 45 70 8b 55 68 48 8b 4d
0x00007ffa925a6a87:   60 e8 87 d0 ff ff 90 48 83 c4 30 5d c3 cc cc cc
0x00007ffa925a6a97:   cc cc cc cc cc cc cc cc cc 40 53 48 83 ec 20 48
0x00007ffa925a6aa7:   8b 1d 83 30 01 00 48 85 db 74 16 e8 09 8b ff ff
0x00007ffa925a6ab7:   4c 8b 00 48 8b d3 48 8b c8 41 ff 90 b0 00 00 00
0x00007ffa925a6ac7:   90 48 83 c4 20 5b c3 cc cc 40 53 48 83 ec 20 48
0x00007ffa925a6ad7:   8b 1d fb 31 01 00 48 85 db 74 57 b8 ff ff ff ff
0x00007ffa925a6ae7:   f0 0f c1 43 10 83 f8 01 75 3d 48 85 db 74 38 48
0x00007ffa925a6af7:   8b 0b 48 85 c9 74 0d ff 15 a4 07 00 00 48 c7 03
0x00007ffa925a6b07:   00 00 00 00 48 8b 4b 08 48 85 c9 74 0d e8 a7 cd
0x00007ffa925a6b17:   ff ff 48 c7 43 08 00 00 00 00 ba 18 00 00 00 48
0x00007ffa925a6b27:   8b cb e8 92 cd ff ff 48 c7 05 9f 31 01 00 00 00
0x00007ffa925a6b37:   00 00 48 83 c4 20 5b c3 cc 40 53 48 83 ec 20 48
0x00007ffa925a6b47:   8b 1d 6b 31 01 00 48 85 db 74 57 b8 ff ff ff ff
0x00007ffa925a6b57:   f0 0f c1 43 10 83 f8 01 75 3d 48 85 db 74 38 48
0x00007ffa925a6b67:   8b 0b 48 85 c9 74 0d ff 15 34 07 00 00 48 c7 03
0x00007ffa925a6b77:   00 00 00 00 48 8b 4b 08 48 85 c9 74 0d e8 37 cd
0x00007ffa925a6b87:   ff ff 48 c7 43 08 00 00 00 00 ba 18 00 00 00 48
0x00007ffa925a6b97:   8b cb e8 22 cd ff ff 48 c7 05 0f 31 01 00 00 00
0x00007ffa925a6ba7:   00 00 48 83 c4 20 5b c3 cc 40 53 48 83 ec 20 48 


Stack slot to memory mapping:
stack at sp + 0 slots: 0x0 is NULL
stack at sp + 1 slots: 0x00000146e1b89470 points into unknown readable memory: 0x925a3628a082b01a | 1a b0 82 a0 28 36 5a 92
stack at sp + 2 slots: 0x00007ffa85e172a0 jvm.dll
stack at sp + 3 slots: 0x00007ffa925a4384 glass.dll
stack at sp + 4 slots: 0x00000146e1b89478 points into unknown readable memory: 0x000008b4a082cfe0 | e0 cf 82 a0 b4 08 00 00
stack at sp + 5 slots: 0x00007ffac47a42d6 ucrtbase.dll
stack at sp + 6 slots: 0x000008b4a082cfe0 is an unknown value
stack at sp + 7 slots: 0x0000014600000000 is an unknown value

VM_Operation (0x00000013861fef20): Exit, mode: safepoint, requested by thread 0x00000146e230f050


---------------  P R O C E S S  ---------------

Threads class SMR info:
_java_thread_list=0x00000146e1654200, length=21, elements={
0x00000146bcf7c530, 0x00000146dce1dca0, 0x00000146dce1f940, 0x00000146dce22890,
0x00000146dce261e0, 0x00000146dce2a290, 0x00000146dce2b030, 0x00000146dce379d0,
0x00000146dce3af70, 0x00000146e10c5d40, 0x00000146e17f8d90, 0x00000146e174e260,
0x00000146e17f8550, 0x00000146e1c32810, 0x00000146e1c4b010, 0x00000146e1df9760,
0x00000146e1e3f820, 0x00000146e230f5a0, 0x00000146e230faf0, 0x00000146e2310590,
0x00000146e230f050
}

Java Threads: ( => current thread )
  0x00000146bcf7c530 JavaThread "main" [_thread_blocked, id=13476, stack(0x0000001386300000,0x0000001386400000)]
  0x00000146dce1dca0 JavaThread "Reference Handler" daemon [_thread_blocked, id=7232, stack(0x0000001386a00000,0x0000001386b00000)]
  0x00000146dce1f940 JavaThread "Finalizer" daemon [_thread_blocked, id=14732, stack(0x0000001386b00000,0x0000001386c00000)]
  0x00000146dce22890 JavaThread "Attach Listener" daemon [_thread_blocked, id=17164, stack(0x0000001386d00000,0x0000001386e00000)]
  0x00000146dce261e0 JavaThread "Service Thread" daemon [_thread_blocked, id=17264, stack(0x0000001386e00000,0x0000001386f00000)]
  0x00000146dce2a290 JavaThread "Monitor Deflation Thread" daemon [_thread_blocked, id=14672, stack(0x0000001386f00000,0x0000001387000000)]
  0x00000146dce2b030 JavaThread "C2 CompilerThread0" daemon [_thread_blocked, id=16184, stack(0x0000001387000000,0x0000001387100000)]
  0x00000146dce379d0 JavaThread "C1 CompilerThread0" daemon [_thread_blocked, id=16788, stack(0x0000001387100000,0x0000001387200000)]
  0x00000146dce3af70 JavaThread "Sweeper thread" daemon [_thread_blocked, id=2976, stack(0x0000001387200000,0x0000001387300000)]
  0x00000146e10c5d40 JavaThread "Common-Cleaner" daemon [_thread_blocked, id=15724, stack(0x0000001387300000,0x0000001387400000)]
  0x00000146e17f8d90 JavaThread "Monitor Ctrl-Break" daemon [_thread_in_native, id=16668, stack(0x0000001387600000,0x0000001387700000)]
  0x00000146e174e260 JavaThread "Notification Thread" daemon [_thread_blocked, id=10664, stack(0x0000001387700000,0x0000001387800000)]
  0x00000146e17f8550 JavaThread "QuantumRenderer-0" daemon [_thread_blocked, id=7824, stack(0x0000001387900000,0x0000001387a00000)]
  0x00000146e1c32810 JavaThread "InvokeLaterDispatcher" daemon [_thread_blocked, id=9540, stack(0x0000001387c00000,0x0000001387d00000)]
  0x00000146e1c4b010 JavaThread "JavaFX Application Thread" [_thread_in_native, id=10800, stack(0x0000001387d00000,0x0000001387e00000)]
  0x00000146e1df9760 JavaThread "Thread-1" daemon [_thread_in_native, id=16504, stack(0x0000001388400000,0x0000001388500000)]
  0x00000146e1e3f820 JavaThread "JavaFX-Launcher" [_thread_blocked, id=7888, stack(0x0000001388500000,0x0000001388600000)]
  0x00000146e230f5a0 JavaThread "Prism Font Disposer" daemon [_thread_blocked, id=15168, stack(0x0000001388c00000,0x0000001388d00000)]
  0x00000146e230faf0 JavaThread "Cleaner-0" daemon [_thread_blocked, id=14500, stack(0x0000001388f00000,0x0000001389000000)]
  0x00000146e2310590 JavaThread "mysql-cj-abandoned-connection-cleanup" daemon [_thread_blocked, id=12840, stack(0x0000001389000000,0x0000001389100000)]
  0x00000146e230f050 JavaThread "SIGINT handler" daemon [_thread_blocked, id=13432, stack(0x0000001386100000,0x0000001386200000)]

Other Threads:
=>0x00000146dce00900 VMThread "VM Thread" [stack: 0x0000001386900000,0x0000001386a00000] [id=2260]
  0x00000146bcfd3ce0 WorkerThread "GC Thread#0" [stack: 0x0000001386400000,0x0000001386500000] [id=3488]
  0x00000146e1e3c730 WorkerThread "GC Thread#1" [stack: 0x0000001388600000,0x0000001388700000] [id=12416]
  0x00000146e1dfe810 WorkerThread "GC Thread#2" [stack: 0x0000001388700000,0x0000001388800000] [id=12528]
  0x00000146e1deafc0 WorkerThread "GC Thread#3" [stack: 0x0000001388800000,0x0000001388900000] [id=13488]
  0x00000146e1e1c9a0 WorkerThread "GC Thread#4" [stack: 0x0000001388900000,0x0000001388a00000] [id=2948]
  0x00000146e1e2c860 WorkerThread "GC Thread#5" [stack: 0x0000001388a00000,0x0000001388b00000] [id=16600]
  0x00000146e1f47340 WorkerThread "GC Thread#6" [stack: 0x0000001388d00000,0x0000001388e00000] [id=13448]
  0x00000146e1f47070 WorkerThread "GC Thread#7" [stack: 0x0000001388e00000,0x0000001388f00000] [id=15752]
  0x00000146bcfe2be0 ConcurrentGCThread "G1 Main Marker" terminated
  0x00000146bcfe4dc0 WorkerThread "G1 Conc#0" [stack: 0x0000001386600000,0x0000001386700000] [id=13792]
  0x00000146e1f478e0 WorkerThread "G1 Conc#1" [stack: 0x0000001389200000,0x0000001389300000] [id=13976]
  0x00000146dccbb520 ConcurrentGCThread "G1 Refine#0" terminated
  0x00000146dccbbe70 ConcurrentGCThread "G1 Service" terminated

Threads with active compile tasks:

VM state: at safepoint (shutting down)

VM Mutex/Monitor currently owned by a thread:  ([mutex/lock_event])
[0x00000146bcf77050] Threads_lock - owner thread: 0x00000146dce00900
[0x00000146bcf763f0] Heap_lock - owner thread: 0x00000146e230f050

Heap address: 0x0000000091000000, size: 1776 MB, Compressed Oops mode: 32-bit

CDS archive(s) mapped at: [0x0000000800000000-0x0000000800c40000-0x0000000800c40000), size 12845056, SharedBaseAddress: 0x0000000800000000, ArchiveRelocationMode: 0.
Compressed class space mapped at: 0x0000000801000000-0x0000000841000000, reserved size: 1073741824
Narrow klass base: 0x0000000800000000, Narrow klass shift: 0, Narrow klass range: 0x100000000

GC Precious Log:
 CardTable entry size: 512
 Card Set container configuration: InlinePtr #cards 5 size 8 Array Of Cards #cards 12 size 40 Howl #buckets 4 coarsen threshold 1843 Howl Bitmap #cards 512 size 80 coarsen threshold 460 Card regions per heap region 1 cards per card region 2048
 CPUs: 8 total, 8 available
 Memory: 7103M
 Large Page Support: Disabled
 NUMA Support: Disabled
 Compressed Oops: Enabled (32-bit)
 Heap Region Size: 1M
 Heap Min Capacity: 8M
 Heap Initial Capacity: 112M
 Heap Max Capacity: 1776M
 Pre-touch: Disabled
 Parallel Workers: 8
 Concurrent Workers: 2
 Concurrent Refinement Workers: 8
 Periodic GC: Disabled

Heap:
 garbage-first heap   total 55296K, used 23862K [0x0000000091000000, 0x0000000100000000)
  region size 1024K, 15 young (15360K), 5 survivors (5120K)
 Metaspace       used 25066K, committed 25408K, reserved 1114112K
  class space    used 3247K, committed 3392K, reserved 1048576K

Heap Regions: E=young(eden), S=young(survivor), O=old, HS=humongous(starts), HC=humongous(continues), CS=collection set, F=free, OA=open archive, CA=closed archive, TAMS=top-at-mark-start (previous, next)
|   0|0x0000000091000000, 0x0000000091100000, 0x0000000091100000|100%| O|  |TAMS 0x0000000091100000, 0x0000000091000000| Untracked 
|   1|0x0000000091100000, 0x0000000091200000, 0x0000000091200000|100%| O|  |TAMS 0x0000000091200000, 0x0000000091100000| Untracked 
|   2|0x0000000091200000, 0x0000000091300000, 0x0000000091300000|100%| O|  |TAMS 0x00000000912c1600, 0x0000000091200000| Untracked 
|   3|0x0000000091300000, 0x0000000091400000, 0x0000000091400000|100%|HS|  |TAMS 0x0000000091400000, 0x0000000091300000| Complete 
|   4|0x0000000091400000, 0x0000000091500000, 0x0000000091500000|100%|HC|  |TAMS 0x0000000091500000, 0x0000000091400000| Complete 
|   5|0x0000000091500000, 0x0000000091600000, 0x0000000091600000|100%| O|  |TAMS 0x0000000091500000, 0x0000000091500000| Untracked 
|   6|0x0000000091600000, 0x0000000091700000, 0x0000000091700000|100%| O|  |TAMS 0x0000000091600000, 0x0000000091600000| Untracked 
|   7|0x0000000091700000, 0x0000000091800000, 0x0000000091800000|100%| O|  |TAMS 0x0000000091700000, 0x0000000091700000| Untracked 
|   8|0x0000000091800000, 0x0000000091900000, 0x0000000091900000|100%| O|  |TAMS 0x0000000091800000, 0x0000000091800000| Untracked 
|   9|0x0000000091900000, 0x000000009197a000, 0x0000000091a00000| 47%| O|  |TAMS 0x0000000091900000, 0x0000000091900000| Complete 
|  10|0x0000000091a00000, 0x0000000091a00000, 0x0000000091b00000|  0%| F|  |TAMS 0x0000000091a00000, 0x0000000091a00000| Untracked 
|  11|0x0000000091b00000, 0x0000000091b00000, 0x0000000091c00000|  0%| F|  |TAMS 0x0000000091b00000, 0x0000000091b00000| Untracked 
|  12|0x0000000091c00000, 0x0000000091c00000, 0x0000000091d00000|  0%| F|  |TAMS 0x0000000091c00000, 0x0000000091c00000| Untracked 
|  13|0x0000000091d00000, 0x0000000091d00000, 0x0000000091e00000|  0%| F|  |TAMS 0x0000000091d00000, 0x0000000091d00000| Untracked 
|  14|0x0000000091e00000, 0x0000000091e00000, 0x0000000091f00000|  0%| F|  |TAMS 0x0000000091e00000, 0x0000000091e00000| Untracked 
|  15|0x0000000091f00000, 0x0000000091f00000, 0x0000000092000000|  0%| F|  |TAMS 0x0000000091f00000, 0x0000000091f00000| Untracked 
|  16|0x0000000092000000, 0x0000000092000000, 0x0000000092100000|  0%| F|  |TAMS 0x0000000092000000, 0x0000000092000000| Untracked 
|  17|0x0000000092100000, 0x0000000092100000, 0x0000000092200000|  0%| F|  |TAMS 0x0000000092100000, 0x0000000092100000| Untracked 
|  18|0x0000000092200000, 0x0000000092200000, 0x0000000092300000|  0%| F|  |TAMS 0x0000000092200000, 0x0000000092200000| Untracked 
|  19|0x0000000092300000, 0x0000000092300000, 0x0000000092400000|  0%| F|  |TAMS 0x0000000092300000, 0x0000000092300000| Untracked 
|  20|0x0000000092400000, 0x0000000092400000, 0x0000000092500000|  0%| F|  |TAMS 0x0000000092400000, 0x0000000092400000| Untracked 
|  21|0x0000000092500000, 0x0000000092500000, 0x0000000092600000|  0%| F|  |TAMS 0x0000000092500000, 0x0000000092500000| Untracked 
|  22|0x0000000092600000, 0x0000000092600000, 0x0000000092700000|  0%| F|  |TAMS 0x0000000092600000, 0x0000000092600000| Untracked 
|  23|0x0000000092700000, 0x0000000092700000, 0x0000000092800000|  0%| F|  |TAMS 0x0000000092700000, 0x0000000092700000| Untracked 
|  24|0x0000000092800000, 0x0000000092800000, 0x0000000092900000|  0%| F|  |TAMS 0x0000000092800000, 0x0000000092800000| Untracked 
|  25|0x0000000092900000, 0x0000000092900000, 0x0000000092a00000|  0%| F|  |TAMS 0x0000000092900000, 0x0000000092900000| Untracked 
|  26|0x0000000092a00000, 0x0000000092a00000, 0x0000000092b00000|  0%| F|  |TAMS 0x0000000092a00000, 0x0000000092a00000| Untracked 
|  27|0x0000000092b00000, 0x0000000092b00000, 0x0000000092c00000|  0%| F|  |TAMS 0x0000000092b00000, 0x0000000092b00000| Untracked 
|  28|0x0000000092c00000, 0x0000000092c00000, 0x0000000092d00000|  0%| F|  |TAMS 0x0000000092c00000, 0x0000000092c00000| Untracked 
|  29|0x0000000092d00000, 0x0000000092d00000, 0x0000000092e00000|  0%| F|  |TAMS 0x0000000092d00000, 0x0000000092d00000| Untracked 
|  30|0x0000000092e00000, 0x0000000092e00000, 0x0000000092f00000|  0%| F|  |TAMS 0x0000000092e00000, 0x0000000092e00000| Untracked 
|  31|0x0000000092f00000, 0x0000000092f00000, 0x0000000093000000|  0%| F|  |TAMS 0x0000000092f00000, 0x0000000092f00000| Untracked 
|  32|0x0000000093000000, 0x0000000093000000, 0x0000000093100000|  0%| F|  |TAMS 0x0000000093000000, 0x0000000093000000| Untracked 
|  33|0x0000000093100000, 0x0000000093100000, 0x0000000093200000|  0%| F|  |TAMS 0x0000000093100000, 0x0000000093100000| Untracked 
|  34|0x0000000093200000, 0x0000000093200000, 0x0000000093300000|  0%| F|  |TAMS 0x0000000093200000, 0x0000000093200000| Untracked 
|  35|0x0000000093300000, 0x0000000093300000, 0x0000000093400000|  0%| F|  |TAMS 0x0000000093300000, 0x0000000093300000| Untracked 
|  36|0x0000000093400000, 0x0000000093400000, 0x0000000093500000|  0%| F|  |TAMS 0x0000000093400000, 0x0000000093400000| Untracked 
|  37|0x0000000093500000, 0x0000000093500000, 0x0000000093600000|  0%| F|  |TAMS 0x0000000093500000, 0x0000000093500000| Untracked 
|  38|0x0000000093600000, 0x0000000093600000, 0x0000000093700000|  0%| F|  |TAMS 0x0000000093600000, 0x0000000093600000| Untracked 
|  39|0x0000000093700000, 0x00000000937e1b78, 0x0000000093800000| 88%| E|  |TAMS 0x0000000093700000, 0x0000000093700000| Complete 
|  40|0x0000000093800000, 0x0000000093900000, 0x0000000093900000|100%| E|CS|TAMS 0x0000000093800000, 0x0000000093800000| Complete 
|  41|0x0000000093900000, 0x0000000093a00000, 0x0000000093a00000|100%| E|CS|TAMS 0x0000000093900000, 0x0000000093900000| Complete 
|  42|0x0000000093a00000, 0x0000000093b00000, 0x0000000093b00000|100%| E|CS|TAMS 0x0000000093a00000, 0x0000000093a00000| Complete 
|  43|0x0000000093b00000, 0x0000000093c00000, 0x0000000093c00000|100%| E|CS|TAMS 0x0000000093b00000, 0x0000000093b00000| Complete 
|  44|0x0000000093c00000, 0x0000000093d00000, 0x0000000093d00000|100%| E|CS|TAMS 0x0000000093c00000, 0x0000000093c00000| Complete 
|  45|0x0000000093d00000, 0x0000000093e00000, 0x0000000093e00000|100%| E|CS|TAMS 0x0000000093d00000, 0x0000000093d00000| Complete 
|  46|0x0000000093e00000, 0x0000000093f00000, 0x0000000093f00000|100%| E|CS|TAMS 0x0000000093e00000, 0x0000000093e00000| Complete 
|  47|0x0000000093f00000, 0x0000000094000000, 0x0000000094000000|100%| E|CS|TAMS 0x0000000093f00000, 0x0000000093f00000| Complete 
|  83|0x0000000096300000, 0x00000000963d3b78, 0x0000000096400000| 82%| S|CS|TAMS 0x0000000096300000, 0x0000000096300000| Complete 
|  84|0x0000000096400000, 0x0000000096500000, 0x0000000096500000|100%| S|CS|TAMS 0x0000000096400000, 0x0000000096400000| Complete 
|  85|0x0000000096500000, 0x0000000096600000, 0x0000000096600000|100%| S|CS|TAMS 0x0000000096500000, 0x0000000096500000| Complete 
|  86|0x0000000096600000, 0x0000000096700000, 0x0000000096700000|100%| S|CS|TAMS 0x0000000096600000, 0x0000000096600000| Complete 
|  87|0x0000000096700000, 0x0000000096800000, 0x0000000096800000|100%| S|CS|TAMS 0x0000000096700000, 0x0000000096700000| Complete 
| 111|0x0000000097f00000, 0x0000000098000000, 0x0000000098000000|100%| E|CS|TAMS 0x0000000097f00000, 0x0000000097f00000| Complete 

Card table byte_map: [0x00000146d64c0000,0x00000146d6840000] _byte_map_base: 0x00000146d6038000

Marking Bits (Prev, Next): (CMBitMap*) 0x00000146bcfd4350, (CMBitMap*) 0x00000146bcfd4310
 Prev Bits: [0x00000146d8780000, 0x00000146da340000)
 Next Bits: [0x00000146d6bc0000, 0x00000146d8780000)

Polling page: 0x00000146c66a0000

Metaspace:

Usage:
  Non-class:     21.31 MB used.
      Class:      3.17 MB used.
       Both:     24.48 MB used.

Virtual space:
  Non-class space:       64.00 MB reserved,      21.50 MB ( 34%) committed,  1 nodes.
      Class space:        1.00 GB reserved,       3.31 MB ( <1%) committed,  1 nodes.
             Both:        1.06 GB reserved,      24.81 MB (  2%) committed. 

Chunk freelists:
   Non-Class:  2.33 MB
       Class:  658.00 KB
        Both:  2.97 MB

MaxMetaspaceSize: unlimited
CompressedClassSpaceSize: 1.00 GB
Initial GC threshold: 21.00 MB
Current GC threshold: 35.31 MB
CDS: on
MetaspaceReclaimPolicy: balanced
 - commit_granule_bytes: 65536.
 - commit_granule_words: 8192.
 - virtual_space_node_default_size: 8388608.
 - enlarge_chunks_in_place: 1.
 - new_chunks_are_fully_committed: 0.
 - uncommit_free_chunks: 1.
 - use_allocation_guard: 0.


Internal statistics:

num_allocs_failed_limit: 3.
num_arena_births: 410.
num_arena_deaths: 0.
num_vsnodes_births: 2.
num_vsnodes_deaths: 0.
num_space_committed: 397.
num_space_uncommitted: 0.
num_chunks_returned_to_freelist: 3.
num_chunks_taken_from_freelist: 1107.
num_chunk_merges: 0.
num_chunk_splits: 768.
num_chunks_enlarged: 579.
num_inconsistent_stats: 0.

CodeHeap 'non-profiled nmethods': size=120000Kb used=1797Kb max_used=1797Kb free=118202Kb
 bounds [0x00000146ce190000, 0x00000146ce400000, 0x00000146d56c0000]
CodeHeap 'profiled nmethods': size=120000Kb used=7664Kb max_used=7664Kb free=112335Kb
 bounds [0x00000146c66c0000, 0x00000146c6e40000, 0x00000146cdbf0000]
CodeHeap 'non-nmethods': size=5760Kb used=1609Kb max_used=1629Kb free=4150Kb
 bounds [0x00000146cdbf0000, 0x00000146cde60000, 0x00000146ce190000]
 total_blobs=4843 nmethods=3932 adapters=820
 compilation: enabled
              stopped_count=0, restarted_count=0
 full_count=0

Compilation events (20 events):
Event: 1086.682 Thread 0x00000146dce379d0 3925       3       java.util.concurrent.locks.AbstractQueuedSynchronizer$ConditionObject::await (203 bytes)
Event: 1086.685 Thread 0x00000146dce379d0 nmethod 3925 0x00000146c6e38690 code [0x00000146c6e38980, 0x00000146c6e399a8]
Event: 1086.685 Thread 0x00000146dce379d0 3924       3       java.lang.ref.ReferenceQueue::await (15 bytes)
Event: 1086.685 Thread 0x00000146dce379d0 nmethod 3924 0x00000146c6e3a010 code [0x00000146c6e3a1c0, 0x00000146c6e3a368]
Event: 1126.689 Thread 0x00000146dce379d0 3926       3       java.lang.Thread::getContextClassLoader (41 bytes)
Event: 1126.690 Thread 0x00000146dce379d0 nmethod 3926 0x00000146c6e3a490 code [0x00000146c6e3a680, 0x00000146c6e3ab88]
Event: 1286.719 Thread 0x00000146dce379d0 3927   !   3       com.mysql.cj.jdbc.AbandonedConnectionCleanupThread::checkThreadContextClassLoader (20 bytes)
Event: 1286.730 Thread 0x00000146dce379d0 nmethod 3927 0x00000146c6e3ad10 code [0x00000146c6e3af20, 0x00000146c6e3b568]
Event: 1631.777 Thread 0x00000146dce379d0 3928       3       java.util.concurrent.locks.AbstractQueuedSynchronizer$ConditionObject::unlinkCancelledWaiters (91 bytes)
Event: 1631.779 Thread 0x00000146dce379d0 nmethod 3928 0x00000146c6e3b890 code [0x00000146c6e3ba60, 0x00000146c6e3bf18]
Event: 2617.003 Thread 0x00000146dce2b030 3929       4       java.util.zip.ZipCoder::hash (36 bytes)
Event: 2617.036 Thread 0x00000146dce2b030 nmethod 3929 0x00000146ce34da90 code [0x00000146ce34dc20, 0x00000146ce34df28]
Event: 2872.059 Thread 0x00000146dce2b030 3930   !   4       java.util.zip.ZipFile$Source::getEntryPos (195 bytes)
Event: 2872.112 Thread 0x00000146dce2b030 nmethod 3930 0x00000146ce34e190 code [0x00000146ce34e360, 0x00000146ce34f0c8]
Event: 2877.066 Thread 0x00000146dce2b030 3931   !   4       java.util.jar.JarFile::checkForSpecialAttributes (163 bytes)
Event: 2877.075 Thread 0x00000146dce2b030 nmethod 3931 0x00000146ce34fa90 code [0x00000146ce34fc60, 0x00000146ce350170]
Event: 2892.068 Thread 0x00000146dce2b030 3932       4       java.util.jar.JarFile::getEntry (35 bytes)
Event: 2892.090 Thread 0x00000146dce2b030 nmethod 3932 0x00000146ce350390 code [0x00000146ce350580, 0x00000146ce350e10]
Event: 3058.615 Thread 0x00000146dce379d0 3933       1       java.util.logging.LogManager$LoggerContext::getOwner (5 bytes)
Event: 3058.615 Thread 0x00000146dce379d0 nmethod 3933 0x00000146ce351290 code [0x00000146ce351420, 0x00000146ce3514d8]

GC Heap History (6 events):
Event: 0.793 GC heap before
{Heap before GC invocations=0 (full 0):
 garbage-first heap   total 114688K, used 22528K [0x0000000091000000, 0x0000000100000000)
  region size 1024K, 23 young (23552K), 0 survivors (0K)
 Metaspace       used 5387K, committed 5568K, reserved 1114112K
  class space    used 613K, committed 704K, reserved 1048576K
}
Event: 0.796 GC heap after
{Heap after GC invocations=1 (full 0):
 garbage-first heap   total 114688K, used 2742K [0x0000000091000000, 0x0000000100000000)
  region size 1024K, 3 young (3072K), 3 survivors (3072K)
 Metaspace       used 5387K, committed 5568K, reserved 1114112K
  class space    used 613K, committed 704K, reserved 1048576K
}
Event: 1.655 GC heap before
{Heap before GC invocations=1 (full 0):
 garbage-first heap   total 114688K, used 36534K [0x0000000091000000, 0x0000000100000000)
  region size 1024K, 37 young (37888K), 3 survivors (3072K)
 Metaspace       used 14383K, committed 14720K, reserved 1114112K
  class space    used 2069K, committed 2240K, reserved 1048576K
}
Event: 1.662 GC heap after
{Heap after GC invocations=2 (full 0):
 garbage-first heap   total 114688K, used 7928K [0x0000000091000000, 0x0000000100000000)
  region size 1024K, 5 young (5120K), 5 survivors (5120K)
 Metaspace       used 14383K, committed 14720K, reserved 1114112K
  class space    used 2069K, committed 2240K, reserved 1048576K
}
Event: 11.705 GC heap before
{Heap before GC invocations=2 (full 0):
 garbage-first heap   total 114688K, used 32504K [0x0000000091000000, 0x0000000100000000)
  region size 1024K, 29 young (29696K), 5 survivors (5120K)
 Metaspace       used 21171K, committed 21504K, reserved 1114112K
  class space    used 2814K, committed 3008K, reserved 1048576K
}
Event: 11.711 GC heap after
{Heap after GC invocations=3 (full 0):
 garbage-first heap   total 114688K, used 14646K [0x0000000091000000, 0x0000000100000000)
  region size 1024K, 5 young (5120K), 5 survivors (5120K)
 Metaspace       used 21171K, committed 21504K, reserved 1114112K
  class space    used 2814K, committed 3008K, reserved 1048576K
}

Dll operation events (20 events):
Event: 0.491 Loaded shared library C:\Users\οκ\.openjfx\cache\17.0.2-ea\api-ms-win-crt-heap-l1-1-0.dll
Event: 0.495 Loaded shared library C:\Users\οκ\.openjfx\cache\17.0.2-ea\api-ms-win-crt-locale-l1-1-0.dll
Event: 0.498 Loaded shared library C:\Users\οκ\.openjfx\cache\17.0.2-ea\api-ms-win-crt-math-l1-1-0.dll
Event: 0.502 Loaded shared library C:\Users\οκ\.openjfx\cache\17.0.2-ea\api-ms-win-crt-multibyte-l1-1-0.dll
Event: 0.506 Loaded shared library C:\Users\οκ\.openjfx\cache\17.0.2-ea\api-ms-win-crt-private-l1-1-0.dll
Event: 0.510 Loaded shared library C:\Users\οκ\.openjfx\cache\17.0.2-ea\api-ms-win-crt-process-l1-1-0.dll
Event: 0.513 Loaded shared library C:\Users\οκ\.openjfx\cache\17.0.2-ea\api-ms-win-crt-runtime-l1-1-0.dll
Event: 0.517 Loaded shared library C:\Users\οκ\.openjfx\cache\17.0.2-ea\api-ms-win-crt-stdio-l1-1-0.dll
Event: 0.522 Loaded shared library C:\Users\οκ\.openjfx\cache\17.0.2-ea\api-ms-win-crt-string-l1-1-0.dll
Event: 0.526 Loaded shared library C:\Users\οκ\.openjfx\cache\17.0.2-ea\api-ms-win-crt-time-l1-1-0.dll
Event: 0.531 Loaded shared library C:\Users\οκ\.openjfx\cache\17.0.2-ea\api-ms-win-crt-utility-l1-1-0.dll
Event: 0.545 Loaded shared library C:\Users\οκ\.openjfx\cache\17.0.2-ea\ucrtbase.dll
Event: 0.551 Loaded shared library C:\Users\οκ\.openjfx\cache\17.0.2-ea\vcruntime140.dll
Event: 0.555 Loaded shared library C:\Users\οκ\.openjfx\cache\17.0.2-ea\vcruntime140_1.dll
Event: 0.564 Loaded shared library C:\Users\οκ\.openjfx\cache\17.0.2-ea\msvcp140.dll
Event: 0.603 Loaded shared library C:\Users\οκ\.openjfx\cache\17.0.2-ea\prism_d3d.dll
Event: 0.643 Loaded shared library C:\Users\οκ\.openjfx\cache\17.0.2-ea\glass.dll
Event: 0.781 Loaded shared library C:\Program Files\Java\jdk-19\bin\jimage.dll
Event: 0.998 Loaded shared library C:\Users\οκ\.openjfx\cache\17.0.2-ea\javafx_font.dll
Event: 11.733 Loaded shared library C:\Program Files\Java\jdk-19\bin\sunmscapi.dll

Deoptimization events (20 events):
Event: 18.055 Thread 0x00000146e1c4b010 Uncommon trap: trap_request=0xffffffd6 fr.pc=0x00000146ce2f98d4 relative=0x0000000000000b74
Event: 18.055 Thread 0x00000146e1c4b010 Uncommon trap: reason=array_check action=maybe_recompile pc=0x00000146ce2f98d4 method=javafx.css.SimpleSelector.applies(Ljavafx/css/Styleable;[Ljava/util/Set;I)Z @ 37 c2
Event: 18.055 Thread 0x00000146e1c4b010 DEOPT PACKING pc=0x00000146ce2f98d4 sp=0x0000001387df7b40
Event: 18.055 Thread 0x00000146e1c4b010 DEOPT UNPACKING pc=0x00000146cdc56da3 sp=0x0000001387df7b18 mode 2
Event: 18.055 Thread 0x00000146e1c4b010 Uncommon trap: trap_request=0xffffffd6 fr.pc=0x00000146ce2f98d4 relative=0x0000000000000b74
Event: 18.055 Thread 0x00000146e1c4b010 Uncommon trap: reason=array_check action=maybe_recompile pc=0x00000146ce2f98d4 method=javafx.css.SimpleSelector.applies(Ljavafx/css/Styleable;[Ljava/util/Set;I)Z @ 37 c2
Event: 18.055 Thread 0x00000146e1c4b010 DEOPT PACKING pc=0x00000146ce2f98d4 sp=0x0000001387df7b40
Event: 18.055 Thread 0x00000146e1c4b010 DEOPT UNPACKING pc=0x00000146cdc56da3 sp=0x0000001387df7b18 mode 2
Event: 18.055 Thread 0x00000146e1c4b010 Uncommon trap: trap_request=0xffffffd6 fr.pc=0x00000146ce2f98d4 relative=0x0000000000000b74
Event: 18.055 Thread 0x00000146e1c4b010 Uncommon trap: reason=array_check action=maybe_recompile pc=0x00000146ce2f98d4 method=javafx.css.SimpleSelector.applies(Ljavafx/css/Styleable;[Ljava/util/Set;I)Z @ 37 c2
Event: 18.056 Thread 0x00000146e1c4b010 DEOPT PACKING pc=0x00000146ce2f98d4 sp=0x0000001387df7b40
Event: 18.056 Thread 0x00000146e1c4b010 DEOPT UNPACKING pc=0x00000146cdc56da3 sp=0x0000001387df7b18 mode 2
Event: 18.056 Thread 0x00000146e1c4b010 Uncommon trap: trap_request=0xffffffd6 fr.pc=0x00000146ce2f98d4 relative=0x0000000000000b74
Event: 18.056 Thread 0x00000146e1c4b010 Uncommon trap: reason=array_check action=maybe_recompile pc=0x00000146ce2f98d4 method=javafx.css.SimpleSelector.applies(Ljavafx/css/Styleable;[Ljava/util/Set;I)Z @ 37 c2
Event: 18.056 Thread 0x00000146e1c4b010 DEOPT PACKING pc=0x00000146ce2f98d4 sp=0x0000001387df7c40
Event: 18.056 Thread 0x00000146e1c4b010 DEOPT UNPACKING pc=0x00000146cdc56da3 sp=0x0000001387df7c18 mode 2
Event: 3058.612 Thread 0x00000146e1df9760 Uncommon trap: trap_request=0xffffff45 fr.pc=0x00000146ce34cfdc relative=0x000000000000017c
Event: 3058.613 Thread 0x00000146e1df9760 Uncommon trap: reason=unstable_if action=reinterpret pc=0x00000146ce34cfdc method=com.sun.javafx.tk.quantum.QuantumToolkit.postPulse()V @ 7 c2
Event: 3058.614 Thread 0x00000146e1df9760 DEOPT PACKING pc=0x00000146ce34cfdc sp=0x00000013884ff200
Event: 3058.614 Thread 0x00000146e1df9760 DEOPT UNPACKING pc=0x00000146cdc56da3 sp=0x00000013884ff0d0 mode 2

Classes loaded (20 events):
Event: 11.861 Loading class sun/security/ssl/PostHandshakeContext
Event: 11.861 Loading class sun/security/ssl/PostHandshakeContext done
Event: 11.861 Loading class sun/security/ssl/NewSessionTicket$T13NewSessionTicketMessage
Event: 11.861 Loading class sun/security/ssl/NewSessionTicket$NewSessionTicketMessage
Event: 11.861 Loading class sun/security/ssl/NewSessionTicket$NewSessionTicketMessage done
Event: 11.861 Loading class sun/security/ssl/NewSessionTicket$T13NewSessionTicketMessage done
Event: 11.884 Loading class java/util/TimerTask
Event: 11.884 Loading class java/util/TimerTask done
Event: 11.885 Loading class java/lang/StringIndexOutOfBoundsException
Event: 11.885 Loading class java/lang/StringIndexOutOfBoundsException done
Event: 11.888 Loading class java/time/OffsetTime
Event: 11.888 Loading class java/time/OffsetTime done
Event: 11.888 Loading class java/time/OffsetDateTime
Event: 11.889 Loading class java/time/OffsetDateTime done
Event: 11.915 Loading class java/time/format/DateTimeParseException
Event: 11.915 Loading class java/time/format/DateTimeParseException done
Event: 12.437 Loading class java/text/StringCharacterIterator
Event: 12.437 Loading class java/text/StringCharacterIterator done
Event: 3058.571 Loading class jdk/internal/misc/Signal$1
Event: 3058.581 Loading class jdk/internal/misc/Signal$1 done

Classes unloaded (0 events):
No events

Classes redefined (0 events):
No events

Internal exceptions (20 events):
Event: 1.772 Thread 0x00000146e17f8550 Exception <a 'java/lang/NoSuchMethodError'{0x0000000097b03a60}: 'int java.lang.invoke.DirectMethodHandle$Holder.invokeStaticInit(java.lang.Object, java.lang.Object)'> (0x0000000097b03a60) 
thrown [s\open\src\hotspot\share\interpreter\linkResolver.cpp, line 774]
Event: 2.059 Thread 0x00000146e17f8550 Exception <a 'java/lang/NoSuchMethodError'{0x000000009775d150}: 'java.lang.Object java.lang.invoke.DirectMethodHandle$Holder.invokeStaticInit(java.lang.Object, int)'> (0x000000009775d150) 
thrown [s\open\src\hotspot\share\interpreter\linkResolver.cpp, line 774]
Event: 3.414 Thread 0x00000146e1c4b010 Exception <a 'java/lang/NoSuchMethodError'{0x00000000977bf338}: 'long java.lang.invoke.DirectMethodHandle$Holder.invokeStatic(java.lang.Object, java.lang.Object, java.lang.Object)'> (0x00000000977bf338) 
thrown [s\open\src\hotspot\share\interpreter\linkResolver.cpp, line 774]
Event: 3.415 Thread 0x00000146e1c4b010 Exception <a 'java/lang/NoSuchMethodError'{0x00000000977c29b0}: 'long java.lang.invoke.DirectMethodHandle$Holder.invokeStaticInit(java.lang.Object, java.lang.Object, java.lang.Object)'> (0x00000000977c29b0) 
thrown [s\open\src\hotspot\share\interpreter\linkResolver.cpp, line 774]
Event: 3.417 Thread 0x00000146e1c4b010 Exception <a 'java/lang/NoSuchMethodError'{0x00000000977dae50}: 'java.lang.Object java.lang.invoke.DirectMethodHandle$Holder.newInvokeSpecial(java.lang.Object, java.lang.Object, long)'> (0x00000000977dae50) 
thrown [s\open\src\hotspot\share\interpreter\linkResolver.cpp, line 774]
Event: 3.417 Thread 0x00000146e1c4b010 Exception <a 'java/lang/NoSuchMethodError'{0x00000000977de9d8}: 'java.lang.Object java.lang.invoke.Invokers$Holder.linkToTargetMethod(java.lang.Object, long, java.lang.Object)'> (0x00000000977de9d8) 
thrown [s\open\src\hotspot\share\interpreter\linkResolver.cpp, line 774]
Event: 3.587 Thread 0x00000146e1c4b010 Exception <a 'java/lang/ClassNotFoundException'{0x00000000976ce210}: com/sun/javafx/scene/control/skin/resources/controls-nt> (0x00000000976ce210) 
thrown [s\open\src\hotspot\share\prims\jni.cpp, line 536]
Event: 3.588 Thread 0x00000146e1c4b010 Exception <a 'java/lang/ClassNotFoundException'{0x00000000976d68e8}: com/sun/javafx/scene/control/skin/resources/controls-nt_ru> (0x00000000976d68e8) 
thrown [s\open\src\hotspot\share\prims\jni.cpp, line 536]
Event: 3.588 Thread 0x00000146e1c4b010 Exception <a 'java/lang/ClassNotFoundException'{0x00000000976d7b70}: com/sun/javafx/scene/control/skin/resources/controls-nt_ru_RU> (0x00000000976d7b70) 
thrown [s\open\src\hotspot\share\prims\jni.cpp, line 536]
Event: 3.639 Thread 0x00000146e1c4b010 Exception <a 'java/lang/NoSuchMethodError'{0x0000000097450300}: 'void java.lang.invoke.DirectMethodHandle$Holder.invokeSpecialIFC(java.lang.Object, java.lang.Object, java.lang.Object, java.lang.Object)'> (0x0000000097450300) 
thrown [s\open\src\hotspot\share\interpreter\linkResolver.cpp, line 774]
Event: 9.125 Thread 0x00000146e1c4b010 Exception <a 'java/lang/NoSuchMethodError'{0x000000009726d2d0}: 'java.lang.Object java.lang.invoke.DirectMethodHandle$Holder.newInvokeSpecial(java.lang.Object, java.lang.Object, int, int, int, int, int, java.lang.Object)'> (0x000000009726d2d0) 
thrown [s\open\src\hotspot\share\interpreter\linkResolver.cpp, line 774]
Event: 9.127 Thread 0x00000146e1c4b010 Exception <a 'java/lang/NoSuchMethodError'{0x0000000097280a78}: 'java.lang.Object java.lang.invoke.DirectMethodHandle$Holder.newInvokeSpecial(java.lang.Object, java.lang.Object, java.lang.Object, int, int, int, int, int)'> (0x0000000097280a78) 
thrown [s\open\src\hotspot\share\interpreter\linkResolver.cpp, line 774]
Event: 9.127 Thread 0x00000146e1c4b010 Exception <a 'java/lang/NoSuchMethodError'{0x0000000097288848}: 'java.lang.Object java.lang.invoke.Invokers$Holder.linkToTargetMethod(java.lang.Object, java.lang.Object, int, int, int, int, int, java.lang.Object)'> (0x0000000097288848) 
thrown [s\open\src\hotspot\share\interpreter\linkResolver.cpp, line 774]
Event: 11.460 Thread 0x00000146e1c4b010 Exception <a 'sun/nio/fs/WindowsException'{0x00000000970632a0}> (0x00000000970632a0) 
thrown [s\open\src\hotspot\share\prims\jni.cpp, line 517]
Event: 11.486 Thread 0x00000146e1c4b010 Exception <a 'java/lang/NoSuchMethodError'{0x0000000096faa1c0}: 'java.lang.Object java.lang.invoke.DirectMethodHandle$Holder.invokeVirtual(java.lang.Object, java.lang.Object, java.lang.Object)'> (0x0000000096faa1c0) 
thrown [s\open\src\hotspot\share\interpreter\linkResolver.cpp, line 774]
Event: 11.541 Thread 0x00000146e1c4b010 Exception <a 'sun/nio/fs/WindowsException'{0x0000000096cfbd18}> (0x0000000096cfbd18) 
thrown [s\open\src\hotspot\share\prims\jni.cpp, line 517]
Event: 11.620 Thread 0x00000146e1c4b010 Exception <a 'sun/nio/fs/WindowsException'{0x00000000969b1800}> (0x00000000969b1800) 
thrown [s\open\src\hotspot\share\prims\jni.cpp, line 517]
Event: 11.626 Thread 0x00000146e1c4b010 Exception <a 'sun/nio/fs/WindowsException'{0x00000000969c6530}> (0x00000000969c6530) 
thrown [s\open\src\hotspot\share\prims\jni.cpp, line 517]
Event: 11.662 Thread 0x00000146e1c4b010 Exception <a 'java/lang/NoSuchMethodError'{0x0000000096868570}: 'java.lang.Object java.lang.invoke.DirectMethodHandle$Holder.invokeStaticInit(java.lang.Object, int, int, int, int)'> (0x0000000096868570) 
thrown [s\open\src\hotspot\share\interpreter\linkResolver.cpp, line 774]
Event: 11.698 Thread 0x00000146e1c4b010 Exception <a 'java/lang/NoSuchMethodError'{0x00000000968f5700}: 'java.lang.Object java.lang.invoke.DirectMethodHandle$Holder.invokeStaticInit(java.lang.Object, java.lang.Object, int, int, int, int)'> (0x00000000968f5700) 
thrown [s\open\src\hotspot\share\interpreter\linkResolver.cpp, line 774]

VM Operations (20 events):
Event: 12.832 Executing VM operation: Cleanup done
Event: 13.833 Executing VM operation: Cleanup
Event: 13.833 Executing VM operation: Cleanup done
Event: 16.834 Executing VM operation: Cleanup
Event: 16.834 Executing VM operation: Cleanup done
Event: 18.835 Executing VM operation: Cleanup
Event: 18.835 Executing VM operation: Cleanup done
Event: 19.835 Executing VM operation: Cleanup
Event: 19.835 Executing VM operation: Cleanup done
Event: 21.835 Executing VM operation: Cleanup
Event: 21.835 Executing VM operation: Cleanup done
Event: 29.838 Executing VM operation: Cleanup
Event: 29.838 Executing VM operation: Cleanup done
Event: 597.064 Executing VM operation: Cleanup
Event: 597.064 Executing VM operation: Cleanup done
Event: 1092.282 Executing VM operation: Cleanup
Event: 1092.282 Executing VM operation: Cleanup done
Event: 2898.029 Executing VM operation: Cleanup
Event: 2898.029 Executing VM operation: Cleanup done
Event: 3058.695 Executing VM operation: Exit

Events (20 events):
Event: 0.745 Thread 0x00000146e1e3f820 Thread added: 0x00000146e1e3f820
Event: 1.458 Thread 0x00000146e230f5a0 Thread added: 0x00000146e230f5a0
Event: 1.934 Thread 0x00000146e230faf0 Thread added: 0x00000146e230faf0
Event: 2.852 Thread 0x00000146e119b360 Thread exited: 0x00000146e119b360
Event: 2.852 Thread 0x00000146e118eb40 Thread exited: 0x00000146e118eb40
Event: 3.625 Thread 0x00000146e1c6d410 Thread added: 0x00000146e1c6d410
Event: 4.739 Thread 0x00000146e1c6d410 Thread exited: 0x00000146e1c6d410
Event: 9.318 Thread 0x00000146e2417bd0 Thread added: 0x00000146e2417bd0
Event: 9.947 Thread 0x00000146e2417bd0 Thread exited: 0x00000146e2417bd0
Event: 11.457 Thread 0x00000146e2310590 Thread added: 0x00000146e2310590
Event: 11.602 Thread 0x00000146e289bd90 Thread added: 0x00000146e289bd90
Event: 12.116 Thread 0x00000146e289bd90 Thread exited: 0x00000146e289bd90
Event: 18.113 Thread 0x00000146e1007af0 Thread added: 0x00000146e1007af0
Event: 18.580 Thread 0x00000146e1007af0 Thread exited: 0x00000146e1007af0
Event: 3058.591 Thread 0x00000146e230f050 Thread added: 0x00000146e230f050
Event: 3058.602 Thread 0x00000146e2310ae0 Thread added: 0x00000146e2310ae0
Event: 3058.602 Thread 0x00000146e230eb00 Thread added: 0x00000146e230eb00
Event: 3058.622 Thread 0x00000146e230eb00 Thread exited: 0x00000146e230eb00
Event: 3058.692 Thread 0x00000146e2310ae0 Thread exited: 0x00000146e2310ae0
Event: 3058.695 Thread 0x00000146dce21f60 Thread exited: 0x00000146dce21f60


Dynamic libraries:
0x00007ff764480000 - 0x00007ff764490000 	C:\Program Files\Java\jdk-19\bin\java.exe
0x00007ffac6a50000 - 0x00007ffac6c48000 	C:\Windows\SYSTEM32\ntdll.dll
0x00007ffac5060000 - 0x00007ffac511d000 	C:\Windows\System32\KERNEL32.DLL
0x00007ffac4440000 - 0x00007ffac4712000 	C:\Windows\System32\KERNELBASE.dll
0x00007ffac4790000 - 0x00007ffac4890000 	C:\Windows\System32\ucrtbase.dll
0x00007ffac17a0000 - 0x00007ffac17b8000 	C:\Program Files\Java\jdk-19\bin\jli.dll
0x00007ffabfd00000 - 0x00007ffabfd1b000 	C:\Program Files\Java\jdk-19\bin\VCRUNTIME140.dll
0x00007ffac4d30000 - 0x00007ffac4dde000 	C:\Windows\System32\ADVAPI32.dll
0x00007ffac60a0000 - 0x00007ffac613e000 	C:\Windows\System32\msvcrt.dll
0x00007ffac4c80000 - 0x00007ffac4d1c000 	C:\Windows\System32\sechost.dll
0x00007ffac4e40000 - 0x00007ffac4f65000 	C:\Windows\System32\RPCRT4.dll
0x00007ffac51f0000 - 0x00007ffac538d000 	C:\Windows\System32\USER32.dll
0x00007ffab3830000 - 0x00007ffab3aca000 	C:\Windows\WinSxS\amd64_microsoft.windows.common-controls_6595b64144ccf1df_6.0.19041.1110_none_60b5254171f9507e\COMCTL32.dll
0x00007ffac4300000 - 0x00007ffac4322000 	C:\Windows\System32\win32u.dll
0x00007ffac4ab0000 - 0x00007ffac4adb000 	C:\Windows\System32\GDI32.dll
0x00007ffac4330000 - 0x00007ffac443f000 	C:\Windows\System32\gdi32full.dll
0x00007ffac4260000 - 0x00007ffac42fd000 	C:\Windows\System32\msvcp_win.dll
0x00007ffabc5e0000 - 0x00007ffabc5ea000 	C:\Windows\SYSTEM32\VERSION.dll
0x00007ffac68c0000 - 0x00007ffac68f0000 	C:\Windows\System32\IMM32.DLL
0x00007ffabfda0000 - 0x00007ffabfdac000 	C:\Program Files\Java\jdk-19\bin\vcruntime140_1.dll
0x00007ffabfc70000 - 0x00007ffabfcfe000 	C:\Program Files\Java\jdk-19\bin\msvcp140.dll
0x00007ffa85200000 - 0x00007ffa85ec0000 	C:\Program Files\Java\jdk-19\bin\server\jvm.dll
0x00007ffab96b0000 - 0x00007ffab96d7000 	C:\Windows\SYSTEM32\WINMM.dll
0x00007ffaa26b0000 - 0x00007ffaa26b9000 	C:\Windows\SYSTEM32\WSOCK32.dll
0x00007ffac4c10000 - 0x00007ffac4c7b000 	C:\Windows\System32\WS2_32.dll
0x00007ffac2020000 - 0x00007ffac2032000 	C:\Windows\SYSTEM32\kernel.appcore.dll
0x00007ffabfc60000 - 0x00007ffabfc6a000 	C:\Program Files\Java\jdk-19\bin\jimage.dll
0x00007ffaba930000 - 0x00007ffabab14000 	C:\Windows\SYSTEM32\DBGHELP.DLL
0x00007ffab0350000 - 0x00007ffab037c000 	C:\Windows\SYSTEM32\dbgcore.DLL
0x00007ffac4890000 - 0x00007ffac4912000 	C:\Windows\System32\bcryptPrimitives.dll
0x00007ffabe4e0000 - 0x00007ffabe4ee000 	C:\Program Files\Java\jdk-19\bin\instrument.dll
0x00007ffabfc30000 - 0x00007ffabfc56000 	C:\Program Files\Java\jdk-19\bin\java.dll
0x00007ffab2940000 - 0x00007ffab2a17000 	C:\Program Files\Java\jdk-19\bin\jsvml.dll
0x00007ffac5950000 - 0x00007ffac6093000 	C:\Windows\System32\SHELL32.dll
0x00007ffac2220000 - 0x00007ffac29b1000 	C:\Windows\SYSTEM32\windows.storage.dll
0x00007ffac6560000 - 0x00007ffac68b4000 	C:\Windows\System32\combase.dll
0x00007ffac3ae0000 - 0x00007ffac3b10000 	C:\Windows\SYSTEM32\Wldp.dll
0x00007ffac53a0000 - 0x00007ffac544d000 	C:\Windows\System32\SHCORE.dll
0x00007ffac6270000 - 0x00007ffac62c5000 	C:\Windows\System32\shlwapi.dll
0x00007ffac40a0000 - 0x00007ffac40bf000 	C:\Windows\SYSTEM32\profapi.dll
0x00007ffabe4c0000 - 0x00007ffabe4d3000 	C:\Program Files\Java\jdk-19\bin\net.dll
0x00007ffab30d0000 - 0x00007ffab31dd000 	C:\Windows\SYSTEM32\WINHTTP.dll
0x00007ffac3840000 - 0x00007ffac38aa000 	C:\Windows\system32\mswsock.dll
0x00007ffabe4a0000 - 0x00007ffabe4b6000 	C:\Program Files\Java\jdk-19\bin\nio.dll
0x00007ffabe130000 - 0x00007ffabe148000 	C:\Program Files\Java\jdk-19\bin\zip.dll
0x00007ffaac070000 - 0x00007ffaac08a000 	C:\Program Files\JetBrains\IntelliJ IDEA 2022.2.3\bin\breakgen64.dll
0x00000146dcfa0000 - 0x00000146dcfa3000 	C:\Users\οκ\.openjfx\cache\17.0.2-ea\api-ms-win-core-console-l1-1-0.dll
0x00000146dcfb0000 - 0x00000146dcfb3000 	C:\Users\οκ\.openjfx\cache\17.0.2-ea\api-ms-win-core-console-l1-2-0.dll
0x00000146dcfc0000 - 0x00000146dcfc3000 	C:\Users\οκ\.openjfx\cache\17.0.2-ea\api-ms-win-core-datetime-l1-1-0.dll
0x00000146dcfd0000 - 0x00000146dcfd3000 	C:\Users\οκ\.openjfx\cache\17.0.2-ea\api-ms-win-core-debug-l1-1-0.dll
0x00000146dcfe0000 - 0x00000146dcfe3000 	C:\Users\οκ\.openjfx\cache\17.0.2-ea\api-ms-win-core-errorhandling-l1-1-0.dll
0x00000146dcff0000 - 0x00000146dcff4000 	C:\Users\οκ\.openjfx\cache\17.0.2-ea\api-ms-win-core-file-l1-1-0.dll
0x00000146e2bd0000 - 0x00000146e2bd3000 	C:\Users\οκ\.openjfx\cache\17.0.2-ea\api-ms-win-core-file-l1-2-0.dll
0x00000146e2be0000 - 0x00000146e2be3000 	C:\Users\οκ\.openjfx\cache\17.0.2-ea\api-ms-win-core-file-l2-1-0.dll
0x00000146e2bf0000 - 0x00000146e2bf3000 	C:\Users\οκ\.openjfx\cache\17.0.2-ea\api-ms-win-core-handle-l1-1-0.dll
0x00000146e2c00000 - 0x00000146e2c03000 	C:\Users\οκ\.openjfx\cache\17.0.2-ea\api-ms-win-core-heap-l1-1-0.dll
0x00000146e2c10000 - 0x00000146e2c13000 	C:\Users\οκ\.openjfx\cache\17.0.2-ea\api-ms-win-core-interlocked-l1-1-0.dll
0x00000146e2c20000 - 0x00000146e2c23000 	C:\Users\οκ\.openjfx\cache\17.0.2-ea\api-ms-win-core-libraryloader-l1-1-0.dll
0x00000146e2c30000 - 0x00000146e2c33000 	C:\Users\οκ\.openjfx\cache\17.0.2-ea\api-ms-win-core-localization-l1-2-0.dll
0x00000146e2c40000 - 0x00000146e2c43000 	C:\Users\οκ\.openjfx\cache\17.0.2-ea\api-ms-win-core-memory-l1-1-0.dll
0x00000146e2c50000 - 0x00000146e2c53000 	C:\Users\οκ\.openjfx\cache\17.0.2-ea\api-ms-win-core-namedpipe-l1-1-0.dll
0x00000146e2c60000 - 0x00000146e2c63000 	C:\Users\οκ\.openjfx\cache\17.0.2-ea\api-ms-win-core-processenvironment-l1-1-0.dll
0x00000146e2c70000 - 0x00000146e2c73000 	C:\Users\οκ\.openjfx\cache\17.0.2-ea\api-ms-win-core-processthreads-l1-1-0.dll
0x00000146e2c80000 - 0x00000146e2c83000 	C:\Users\οκ\.openjfx\cache\17.0.2-ea\api-ms-win-core-processthreads-l1-1-1.dll
0x00000146e2c90000 - 0x00000146e2c93000 	C:\Users\οκ\.openjfx\cache\17.0.2-ea\api-ms-win-core-profile-l1-1-0.dll
0x00000146e2ca0000 - 0x00000146e2ca3000 	C:\Users\οκ\.openjfx\cache\17.0.2-ea\api-ms-win-core-rtlsupport-l1-1-0.dll
0x00000146e2cb0000 - 0x00000146e2cb3000 	C:\Users\οκ\.openjfx\cache\17.0.2-ea\api-ms-win-core-string-l1-1-0.dll
0x00000146e2cc0000 - 0x00000146e2cc3000 	C:\Users\οκ\.openjfx\cache\17.0.2-ea\api-ms-win-core-synch-l1-1-0.dll
0x00000146e2cd0000 - 0x00000146e2cd3000 	C:\Users\οκ\.openjfx\cache\17.0.2-ea\api-ms-win-core-synch-l1-2-0.dll
0x00000146e2ce0000 - 0x00000146e2ce3000 	C:\Users\οκ\.openjfx\cache\17.0.2-ea\api-ms-win-core-sysinfo-l1-1-0.dll
0x00000146e2cf0000 - 0x00000146e2cf3000 	C:\Users\οκ\.openjfx\cache\17.0.2-ea\api-ms-win-core-timezone-l1-1-0.dll
0x00000146e2d00000 - 0x00000146e2d03000 	C:\Users\οκ\.openjfx\cache\17.0.2-ea\api-ms-win-core-util-l1-1-0.dll
0x00000146e2d10000 - 0x00000146e2d13000 	C:\Users\οκ\.openjfx\cache\17.0.2-ea\api-ms-win-crt-conio-l1-1-0.dll
0x00000146e2d20000 - 0x00000146e2d24000 	C:\Users\οκ\.openjfx\cache\17.0.2-ea\api-ms-win-crt-convert-l1-1-0.dll
0x00000146e2d30000 - 0x00000146e2d33000 	C:\Users\οκ\.openjfx\cache\17.0.2-ea\api-ms-win-crt-environment-l1-1-0.dll
0x00000146e2d40000 - 0x00000146e2d43000 	C:\Users\οκ\.openjfx\cache\17.0.2-ea\api-ms-win-crt-filesystem-l1-1-0.dll
0x00000146e2d50000 - 0x00000146e2d53000 	C:\Users\οκ\.openjfx\cache\17.0.2-ea\api-ms-win-crt-heap-l1-1-0.dll
0x00000146e2d60000 - 0x00000146e2d63000 	C:\Users\οκ\.openjfx\cache\17.0.2-ea\api-ms-win-crt-locale-l1-1-0.dll
0x00000146e2d70000 - 0x00000146e2d75000 	C:\Users\οκ\.openjfx\cache\17.0.2-ea\api-ms-win-crt-math-l1-1-0.dll
0x00000146e2d80000 - 0x00000146e2d85000 	C:\Users\οκ\.openjfx\cache\17.0.2-ea\api-ms-win-crt-multibyte-l1-1-0.dll
0x00000146e2d90000 - 0x00000146e2da0000 	C:\Users\οκ\.openjfx\cache\17.0.2-ea\api-ms-win-crt-private-l1-1-0.dll
0x00000146e2da0000 - 0x00000146e2da3000 	C:\Users\οκ\.openjfx\cache\17.0.2-ea\api-ms-win-crt-process-l1-1-0.dll
0x00000146e2db0000 - 0x00000146e2db4000 	C:\Users\οκ\.openjfx\cache\17.0.2-ea\api-ms-win-crt-runtime-l1-1-0.dll
0x00000146e2dc0000 - 0x00000146e2dc4000 	C:\Users\οκ\.openjfx\cache\17.0.2-ea\api-ms-win-crt-stdio-l1-1-0.dll
0x00000146e2dd0000 - 0x00000146e2dd4000 	C:\Users\οκ\.openjfx\cache\17.0.2-ea\api-ms-win-crt-string-l1-1-0.dll
0x00000146e2de0000 - 0x00000146e2de3000 	C:\Users\οκ\.openjfx\cache\17.0.2-ea\api-ms-win-crt-time-l1-1-0.dll
0x00000146e2df0000 - 0x00000146e2df3000 	C:\Users\οκ\.openjfx\cache\17.0.2-ea\api-ms-win-crt-utility-l1-1-0.dll
0x00007ffa4caf0000 - 0x00007ffa4cbec000 	C:\Users\οκ\.openjfx\cache\17.0.2-ea\ucrtbase.dll
0x00007ffaa7630000 - 0x00007ffaa764a000 	C:\Users\οκ\.openjfx\cache\17.0.2-ea\vcruntime140.dll
0x00007ffab7320000 - 0x00007ffab732c000 	C:\Users\οκ\.openjfx\cache\17.0.2-ea\vcruntime140_1.dll
0x00007ffa4b2b0000 - 0x00007ffa4b33d000 	C:\Users\οκ\.openjfx\cache\17.0.2-ea\msvcp140.dll
0x00007ffaa7600000 - 0x00007ffaa762a000 	C:\Users\οκ\.openjfx\cache\17.0.2-ea\prism_d3d.dll
0x00007ffa63960000 - 0x00007ffa63b2f000 	C:\Windows\system32\d3d9.dll
0x00007ffac1d30000 - 0x00007ffac1d5f000 	C:\Windows\SYSTEM32\dwmapi.dll
0x00007ffac1b40000 - 0x00007ffac1bde000 	C:\Windows\system32\uxtheme.dll
0x00007ffab96e0000 - 0x00007ffab9899000 	C:\Windows\System32\DriverStore\FileRepository\u0378260.inf_amd64_40abed5fb3813c91\B378199\aticfx64.dll
0x00007ffabc1b0000 - 0x00007ffabc1e4000 	C:\Windows\System32\DriverStore\FileRepository\u0378260.inf_amd64_40abed5fb3813c91\B378199\atiu9p64.dll
0x00007ffa83280000 - 0x00007ffa83fd6000 	C:\Windows\System32\DriverStore\FileRepository\u0378260.inf_amd64_40abed5fb3813c91\B378199\atiumd64.dll
0x00007ffac6140000 - 0x00007ffac626a000 	C:\Windows\System32\ole32.dll
0x000000006b080000 - 0x000000006bf4b000 	C:\Windows\System32\DriverStore\FileRepository\u0378260.inf_amd64_40abed5fb3813c91\B378199\atiumd6a.dll
0x00007ffac54e0000 - 0x00007ffac594f000 	C:\Windows\System32\SETUPAPI.dll
0x00007ffac4210000 - 0x00007ffac425e000 	C:\Windows\System32\cfgmgr32.dll
0x00007ffac3fd0000 - 0x00007ffac401b000 	C:\Windows\SYSTEM32\POWRPROF.dll
0x00007ffac4a80000 - 0x00007ffac4aa7000 	C:\Windows\System32\bcrypt.dll
0x00007ffac3fb0000 - 0x00007ffac3fc2000 	C:\Windows\SYSTEM32\UMPDC.dll
0x00007ffab7570000 - 0x00007ffab75a0000 	C:\Windows\SYSTEM32\amdihk64.dll
0x00007ffa92580000 - 0x00007ffa925c2000 	C:\Users\οκ\.openjfx\cache\17.0.2-ea\glass.dll
0x00007ffac4f70000 - 0x00007ffac504a000 	C:\Windows\System32\COMDLG32.dll
0x00007ffac5120000 - 0x00007ffac51ed000 	C:\Windows\System32\OLEAUT32.dll
0x00007ffac68f0000 - 0x00007ffac6a05000 	C:\Windows\System32\MSCTF.dll
0x00007ffab9960000 - 0x00007ffab999b000 	C:\Windows\SYSTEM32\dxcore.dll
0x00007ffaa6350000 - 0x00007ffaa6364000 	C:\Users\οκ\.openjfx\cache\17.0.2-ea\javafx_font.dll
0x00007ffab4750000 - 0x00007ffab49cf000 	C:\Windows\SYSTEM32\dwrite.dll
0x00007ffac4ae0000 - 0x00007ffac4b8f000 	C:\Windows\System32\clbcatq.dll
0x00007ffabd6a0000 - 0x00007ffabd854000 	C:\Windows\SYSTEM32\WindowsCodecs.dll
0x00007ffaa2400000 - 0x00007ffaa243e000 	C:\Windows\system32\dataexchange.dll
0x00007ffac06a0000 - 0x00007ffac0903000 	C:\Windows\system32\d3d11.dll
0x00007ffac0d70000 - 0x00007ffac0f53000 	C:\Windows\system32\dcomp.dll
0x00007ffac2a20000 - 0x00007ffac2b13000 	C:\Windows\system32\dxgi.dll
0x00007ffabd8d0000 - 0x00007ffabdad0000 	C:\Windows\system32\twinapi.appcore.dll
0x00007ffabab50000 - 0x00007ffabab84000 	C:\Program Files\Common Files\Microsoft Shared\Ink\rtscom.dll
0x00007ffab6700000 - 0x00007ffab67f9000 	C:\Windows\SYSTEM32\textinputframework.dll
0x00007ffac1640000 - 0x00007ffac1732000 	C:\Windows\System32\CoreMessaging.dll
0x00007ffac12e0000 - 0x00007ffac163e000 	C:\Windows\System32\CoreUIComponents.dll
0x00007ffac3280000 - 0x00007ffac32b3000 	C:\Windows\SYSTEM32\ntmarta.dll
0x00007ffabff80000 - 0x00007ffac00d4000 	C:\Windows\SYSTEM32\wintypes.dll
0x00007ffac3570000 - 0x00007ffac363a000 	C:\Windows\SYSTEM32\DNSAPI.dll
0x00007ffac3530000 - 0x00007ffac356b000 	C:\Windows\SYSTEM32\IPHLPAPI.DLL

dbghelp: loaded successfully - version: 4.0.5 - missing functions: none
symbol engine: initialized successfully - sym options: 0x614 - pdb path: .;C:\Program Files\Java\jdk-19\bin;C:\Windows\SYSTEM32;C:\Windows\WinSxS\amd64_microsoft.windows.common-controls_6595b64144ccf1df_6.0.19041.1110_none_60b5254171f9507e;C:\Program Files\Java\jdk-19\bin\server;C:\Program Files\JetBrains\IntelliJ IDEA 2022.2.3\bin;C:\Users\οκ\.openjfx\cache\17.0.2-ea;C:\Windows\System32\DriverStore\FileRepository\u0378260.inf_amd64_40abed5fb3813c91\B378199;C:\Program Files\Common Files\Microsoft Shared\Ink

VM Arguments:
jvm_args: -javaagent:C:\Program Files\JetBrains\IntelliJ IDEA 2022.2.3\lib\idea_rt.jar=60411:C:\Program Files\JetBrains\IntelliJ IDEA 2022.2.3\bin -Dfile.encoding=UTF-8 -Dsun.stdout.encoding=UTF-8 -Dsun.stderr.encoding=UTF-8 --module-path=C:\Users\οκ\.m2\repository\org\openjfx\javafx-graphics\17.0.2\javafx-graphics-17.0.2-win.jar;C:\Users\οκ\Desktop\BOOK\ZAEMA\target\classes;C:\Users\οκ\.m2\repository\org\openjfx\javafx-controls\17.0.2\javafx-controls-17.0.2-win.jar;C:\Users\οκ\.m2\repository\org\openjfx\javafx-fxml\17.0.2\javafx-fxml-17.0.2-win.jar;C:\Users\οκ\.m2\repository\org\openjfx\javafx-base\17.0.2\javafx-base-17.0.2-win.jar;C:\Users\οκ\Downloads\mysql-connector-java-8.0.26\mysql-connector-java-8.0.26.jar -Djdk.module.main=com.example.zaema 
java_command: com.example.zaema/com.example.zaema.HelloApplication
java_class_path (initial): C:\Users\οκ\.m2\repository\org\openjfx\javafx-controls\17.0.2\javafx-controls-17.0.2.jar;C:\Users\οκ\.m2\repository\org\openjfx\javafx-graphics\17.0.2\javafx-graphics-17.0.2.jar;C:\Users\οκ\.m2\repository\org\openjfx\javafx-base\17.0.2\javafx-base-17.0.2.jar;C:\Users\οκ\.m2\repository\org\openjfx\javafx-fxml\17.0.2\javafx-fxml-17.0.2.jar
Launcher Type: SUN_STANDARD

[Global flags]
     intx CICompilerCount                          = 4                                         {product} {ergonomic}
     uint ConcGCThreads                            = 2                                         {product} {ergonomic}
     uint G1ConcRefinementThreads                  = 8                                         {product} {ergonomic}
   size_t G1HeapRegionSize                         = 1048576                                   {product} {ergonomic}
    uintx GCDrainStackTargetSize                   = 64                                        {product} {ergonomic}
   size_t InitialHeapSize                          = 117440512                                 {product} {ergonomic}
   size_t MarkStackSize                            = 4194304                                   {product} {ergonomic}
   size_t MaxHeapSize                              = 1862270976                                {product} {ergonomic}
   size_t MaxNewSize                               = 1116733440                                {product} {ergonomic}
   size_t MinHeapDeltaBytes                        = 1048576                                   {product} {ergonomic}
   size_t MinHeapSize                              = 8388608                                   {product} {ergonomic}
    uintx NonNMethodCodeHeapSize                   = 5839372                                {pd product} {ergonomic}
    uintx NonProfiledCodeHeapSize                  = 122909434                              {pd product} {ergonomic}
    uintx ProfiledCodeHeapSize                     = 122909434                              {pd product} {ergonomic}
    uintx ReservedCodeCacheSize                    = 251658240                              {pd product} {ergonomic}
     bool SegmentedCodeCache                       = true                                      {product} {ergonomic}
   size_t SoftMaxHeapSize                          = 1862270976                             {manageable} {ergonomic}
     bool UseCompressedClassPointers               = true                           {product lp64_product} {ergonomic}
     bool UseCompressedOops                        = true                           {product lp64_product} {ergonomic}
     bool UseG1GC                                  = true                                      {product} {ergonomic}
     bool UseLargePagesIndividualAllocation        = false                                  {pd product} {ergonomic}

Logging:
Log output configuration:
 #0: stdout all=off uptime,level,tags foldmultilines=false
 #1: stderr all=off uptime,level,tags foldmultilines=false

Environment Variables:
PATH=C:\Program Files\Common Files\Oracle\Java\javapath;C:\ProgramData\Oracle\Java\javapath;C:\Windows\system32;C:\Windows;C:\Windows\System32\Wbem;C:\Windows\System32\WindowsPowerShell\v1.0\;C:\Windows\System32\OpenSSH\;C:\Program Files\Git\cmd;C:\Program Files\MySQL\MySQL Shell 8.0\bin\;C:\Users\οκ\AppData\Local\Microsoft\WindowsApps;C:\Users\οκ\AppData\Local\Programs\Microsoft VS Code\bin
USERNAME=οκ
OS=Windows_NT
PROCESSOR_IDENTIFIER=AMD64 Family 23 Model 24 Stepping 1, AuthenticAMD
TMP=C:\Users\7349~1\AppData\Local\Temp
TEMP=C:\Users\7349~1\AppData\Local\Temp



---------------  S Y S T E M  ---------------

OS:
 Windows 10 , 64 bit Build 19041 (10.0.19041.1889)
OS uptime: 1 days 1:41 hours

CPU: total 8 (initial active 8) (8 cores per cpu, 2 threads per core) family 23 model 24 stepping 1 microcode 0x0, cx8, cmov, fxsr, ht, mmx, 3dnowpref, sse, sse2, sse3, ssse3, sse4a, sse4.1, sse4.2, popcnt, lzcnt, tsc, tscinvbit, avx, avx2, aes, clmul, bmi1, bmi2, adx, sha, fma, vzeroupper, clflush, clflushopt, rdtscp

Memory: 4k page, system-wide physical 7103M (925M free)
TotalPageFile size 16955M (AvailPageFile size 2889M)
current process WorkingSet (physical memory assigned to process): 46M, peak: 160M
current process commit charge ("private bytes"): 231M, peak: 297M

vm_info: Java HotSpot(TM) 64-Bit Server VM (19.0.1+10-21) for windows-amd64 JRE (19.0.1+10-21), built on 2022-09-14T12:45:06Z by "mach5one" with MS VC++ 17.1 (VS2022)

END.
